Build started 02/10/2014 20:45:31.
     1>Project "C:\Users\Bia\Desktop\CG GitHub\cg\CG Proj\CG\CG.vcxproj" on node 2 (Build target(s)).
     1>ClCompile:
         C:\Program Files (x86)\Microsoft Visual Studio 12.0\VC\bin\CL.exe /c /I..\..\glut\include /ZI /nologo /W3 /WX- /sdl /Od /Oy- /D WIN32 /D _DEBUG /D _CONSOLE /D _UNICODE /D UNICODE /Gm /EHsc /RTC1 /MDd /GS /fp:precise /Zc:wchar_t /Zc:forScope /Fo"Debug\\" /Fd"Debug\vc120.pdb" /Gd /TP /analyze- /errorReport:prompt GameManager.cpp River.cpp
         River.cpp
         Generating Code...
         Skipping... (no relevant changes detected)
         GameManager.cpp
       Link:
         C:\Program Files (x86)\Microsoft Visual Studio 12.0\VC\bin\link.exe /ERRORREPORT:PROMPT /OUT:"C:\Users\Bia\Desktop\CG GitHub\cg\CG Proj\Debug\CG.exe" /INCREMENTAL /NOLOGO /LIBPATH:..\..\glut\lib kernel32.lib user32.lib gdi32.lib winspool.lib comdlg32.lib advapi32.lib shell32.lib ole32.lib oleaut32.lib uuid.lib odbc32.lib odbccp32.lib /MANIFEST /MANIFESTUAC:"level='asInvoker' uiAccess='false'" /manifest:embed /DEBUG /PDB:"C:\Users\Bia\Desktop\CG GitHub\cg\CG Proj\Debug\CG.pdb" /SUBSYSTEM:CONSOLE /TLBID:1 /DYNAMICBASE /NXCOMPAT /IMPLIB:"C:\Users\Bia\Desktop\CG GitHub\cg\CG Proj\Debug\CG.lib" /MACHINE:X86 Debug\Bus.obj
         Debug\Camera.obj
         Debug\Car.obj
         Debug\DynamicObject.obj
         Debug\Entity.obj
         Debug\Frog.obj
         Debug\GameManager.obj
         Debug\GameObject.obj
         Debug\River.obj
         Debug\RiverSide.obj
         Debug\Road.obj
         Debug\RoadSide.obj
         Debug\StaticObject.obj
         Debug\TimberLog.obj
         Debug\Turtle.obj
     1>GameManager.obj : error LNK2019: unresolved external symbol "public: void __thiscall River::draw(void)" (?draw@River@@QAEXXZ) referenced in function "void __cdecl display(void)" (?display@@YAXXZ)
     1>C:\Users\Bia\Desktop\CG GitHub\cg\CG Proj\Debug\CG.exe : fatal error LNK1120: 1 unresolved externals
     1>Done Building Project "C:\Users\Bia\Desktop\CG GitHub\cg\CG Proj\CG\CG.vcxproj" (Build target(s)) -- FAILED.

Build FAILED.

Time Elapsed 00:00:02.93
